<?xml version="1.0" encoding="UTF-8"?>
<testng-results ignored="0" total="1" passed="1" failed="0" skipped="0">
  <reporter-output>
  </reporter-output>
  <suite started-at="2022-12-04T12:03:01 EST" name="Default suite" finished-at="2022-12-04T12:03:08 EST" duration-ms="6340">
    <groups>
    </groups>
    <test started-at="2022-12-04T12:03:01 EST" name="Default test" finished-at="2022-12-04T12:03:08 EST" duration-ms="6340">
      <class name="com.qa.fifa.SearchTest">
        <test-method signature="ValidateSearch()[pri:0, instance:com.qa.fifa.SearchTest@741a8937]" started-at="2022-12-04T12:03:01 EST" name="ValidateSearch" finished-at="2022-12-04T12:03:08 EST" duration-ms="6300" status="PASS">
          <reporter-output>
          </reporter-output>
        </test-method> <!-- ValidateSearch -->
      </class> <!-- com.qa.fifa.SearchTest -->
    </test> <!-- Default test -->
  </suite> <!-- Default suite -->
</testng-results>
